This is pdfTeX, Version 3.14159-13d (Web2C 7.3.1) (format=pdfjadetex 2002.2.21)  4 SEP 2002 09:50
**mp32dao
(mp32dao.tex[/usr/share/texmf/pdftex/config/pdftex.cfg]
JadeTeX 2002/01/25: 3.12
LaTeX Font Info:    Try loading font information for T1+ptm on input line 1.
(/usr/share/texmf/tex/latex/psnfss/t1ptm.fd
File: t1ptm.fd 2001/06/04 font definitions for T1/ptm.
)
Elements will be labelled

! LaTeX Error: Missing \begin{document}.

See the LaTeX manual or LaTeX Companion for explanation.
Type  H <return>  for immediate help.
 ...                                              
                                                  
l.8 {2}}m
         p32dao documentation\endNode{}
You're in trouble here.  Try typing  <return>  to proceed.
If that doesn't work, type  X <return>  to quit.

[1.0.50[/usr/share/texmf/dvips/config/pdftex.map]]
! I can't find file `mp32dao.aux'.
\enddocument ...makeatletter \input \jobname .aux 
                                                  \fi \@dofilelist \ifdim \f...
l.421 ...de{}\endNode{}\endNode{}\endNode{}\endFOT
                                                  {}
Please type another input file name
! Emergency stop.
\enddocument ...makeatletter \input \jobname .aux 
                                                  \fi \@dofilelist \ifdim \f...
l.421 ...de{}\endNode{}\endNode{}\endNode{}\endFOT
                                                  {}
*** (job aborted, file error in nonstop mode)

 
Here is how much of TeX's memory you used:
 44 strings out of 40731
 579 string characters out of 595007
 150135 words of memory out of 1500001
 12866 multiletter control sequences out of 10000+50000
 7921 words of font info for 20 fonts, out of 400000 for 1000
 16 hyphenation exceptions out of 1000
 15i,11n,39p,143b,295s stack positions out of 1500i,500n,1500p,50000b,5000s
!  ==> Fatal error occurred, the output PDF file not finished!
